#
# A fatal error has been detected by the Java Runtime Environment:
#
#  Internal Error (javaClasses.cpp:136), pid=29583, tid=140687446533888
#  fatal error: Invalid layout of preloaded class
#
# JRE version:  (7.0_51-b31) (build )
# Java VM: OpenJDK 64-Bit Server VM (24.51-b03 mixed mode linux-amd64 compressed oops)
# Failed to write core dump. Core dumps have been disabled. To enable core dumping, try "ulimit -c unlimited" before starting Java again
#
# If you would like to submit a bug report, please include
# instructions on how to reproduce the bug and visit:
#   http://icedtea.classpath.org/bugzilla
#

---------------  T H R E A D  ---------------

Current thread (0x00007ff450008800):  JavaThread "Unknown thread" [_thread_in_vm, id=29588, stack(0x00007ff459366000,0x00007ff459467000)]

Stack: [0x00007ff459366000,0x00007ff459467000],  sp=0x00007ff459465950,  free space=1022k
Native frames: (J=compiled Java code, j=interpreted, Vv=VM code, C=native code)
V  [libjvm.so+0x917f29]  JVM_handle_linux_signal+0x177939
V  [libjvm.so+0x467cb4]  dlerror+0x467cb4
V  [libjvm.so+0x5c0e4a]  AsyncGetCallTrace+0xdb75a
V  [libjvm.so+0x5c1456]  AsyncGetCallTrace+0xdbd66
V  [libjvm.so+0x89e96c]  JVM_handle_linux_signal+0xfe37c
V  [libjvm.so+0x8e9938]  JVM_handle_linux_signal+0x149348
V  [libjvm.so+0x8e9f44]  JVM_handle_linux_signal+0x149954
V  [libjvm.so+0x575b8a]  AsyncGetCallTrace+0x9049a
V  [libjvm.so+0x8cd1df]  JVM_handle_linux_signal+0x12cbef
V  [libjvm.so+0x5df324]  JNI_CreateJavaVM+0x54
C  [libjli.so+0x2998]  getenv+0x2998


---------------  P R O C E S S  ---------------

Java Threads: ( => current thread )

Other Threads:

=>0x00007ff450008800 (exited) JavaThread "Unknown thread" [_thread_in_vm, id=29588, stack(0x00007ff459366000,0x00007ff459467000)]

VM state:not at safepoint (not fully initialized)

VM Mutex/Monitor currently owned by a thread: None

GC Heap History (0 events):
No events

Deoptimization events (0 events):
No events

Internal exceptions (0 events):
No events

Events (10 events):
Event: 0.641 loading class 0x00007ff4545536f0 done
Event: 0.642 loading class 0x00007ff454553110 done
Event: 0.642 loading class 0x00007ff4545530f0
Event: 0.643 loading class 0x00007ff45455b130
Event: 0.643 loading class 0x00007ff45455b130 done
Event: 0.643 loading class 0x00007ff45455b160
Event: 0.644 loading class 0x00007ff45455b160 done
Event: 0.644 loading class 0x00007ff45455b190
Event: 0.644 loading class 0x00007ff45455b190 done
Event: 0.645 loading class 0x00007ff4545530f0 done


Dynamic libraries:
00400000-00401000 r-xp 00000000 08:03 942324                             /usr/lib/jvm/java-7-openjdk/jre/bin/java
00600000-00601000 rw-p 00000000 08:03 942324                             /usr/lib/jvm/java-7-openjdk/jre/bin/java
0174b000-0176c000 rw-p 00000000 00:00 0                                  [heap]
cc000000-cd500000 rw-p 00000000 00:00 0 
cd500000-d6600000 rw-p 00000000 00:00 0 
d6600000-d7a80000 rw-p 00000000 00:00 0 
d7a80000-f2200000 rw-p 00000000 00:00 0 
f2200000-f2c80000 rw-p 00000000 00:00 0 
f2c80000-100000000 rw-p 00000000 00:00 0 
7ff440000000-7ff440021000 rw-p 00000000 00:00 0 
7ff440021000-7ff444000000 ---p 00000000 00:00 0 
7ff448000000-7ff448021000 rw-p 00000000 00:00 0 
7ff448021000-7ff44c000000 ---p 00000000 00:00 0 
7ff44d000000-7ff44d270000 rwxp 00000000 00:00 0 
7ff44d270000-7ff450051000 rw-p 00000000 00:00 0 
7ff450051000-7ff454000000 ---p 00000000 00:00 0 
7ff4543df000-7ff454406000 rw-p 00000000 00:00 0 
7ff454406000-7ff4544dd000 r--s 013fe000 08:04 7480289                    /home/unknown/adt-bundle-linux-x86_64-20131030/sdk/platforms/android-19/android.jar
7ff4544dd000-7ff456176000 rw-p 00000000 00:00 0 
7ff456176000-7ff456177000 ---p 00000000 00:00 0 
7ff456177000-7ff456277000 rw-p 00000000 00:00 0                          [stack:29590]
7ff456277000-7ff456278000 ---p 00000000 00:00 0 
7ff456278000-7ff456383000 rw-p 00000000 00:00 0                          [stack:29589]
7ff456383000-7ff4563cb000 rw-p 00000000 00:00 0 
7ff4563cb000-7ff4563d6000 rw-p 00000000 00:00 0 
7ff4563d6000-7ff4564a9000 rw-p 00000000 00:00 0 
7ff4564a9000-7ff4564b4000 rw-p 00000000 00:00 0 
7ff4564b4000-7ff4564fc000 rw-p 00000000 00:00 0 
7ff4564fc000-7ff456507000 rw-p 00000000 00:00 0 
7ff456507000-7ff4565da000 rw-p 00000000 00:00 0 
7ff4565da000-7ff4565e0000 rw-p 00000000 00:00 0 
7ff4565e0000-7ff456649000 rw-p 00000000 00:00 0 
7ff456649000-7ff45664a000 rw-p 00000000 00:00 0 
7ff45664a000-7ff456652000 r-xp 00000000 08:03 1064891                    /usr/lib/jvm/java-7-openjdk/jre/lib/amd64/libzip.so
7ff456652000-7ff456851000 ---p 00008000 08:03 1064891                    /usr/lib/jvm/java-7-openjdk/jre/lib/amd64/libzip.so
7ff456851000-7ff456852000 rw-p 00007000 08:03 1064891                    /usr/lib/jvm/java-7-openjdk/jre/lib/amd64/libzip.so
7ff456852000-7ff45685d000 r-xp 00000000 08:03 679129                     /usr/lib/libnss_files-2.18.so
7ff45685d000-7ff456a5d000 ---p 0000b000 08:03 679129                     /usr/lib/libnss_files-2.18.so
7ff456a5d000-7ff456a5e000 r--p 0000b000 08:03 679129                     /usr/lib/libnss_files-2.18.so
7ff456a5e000-7ff456a5f000 rw-p 0000c000 08:03 679129                     /usr/lib/libnss_files-2.18.so
7ff456a5f000-7ff456a8a000 r-xp 00000000 08:03 1064890                    /usr/lib/jvm/java-7-openjdk/jre/lib/amd64/libjava.so
7ff456a8a000-7ff456c89000 ---p 0002b000 08:03 1064890                    /usr/lib/jvm/java-7-openjdk/jre/lib/amd64/libjava.so
7ff456c89000-7ff456c8b000 rw-p 0002a000 08:03 1064890                    /usr/lib/jvm/java-7-openjdk/jre/lib/amd64/libjava.so
7ff456c8b000-7ff456c98000 r-xp 00000000 08:03 1064889                    /usr/lib/jvm/java-7-openjdk/jre/lib/amd64/libverify.so
7ff456c98000-7ff456e97000 ---p 0000d000 08:03 1064889                    /usr/lib/jvm/java-7-openjdk/jre/lib/amd64/libverify.so
7ff456e97000-7ff456e99000 rw-p 0000c000 08:03 1064889                    /usr/lib/jvm/java-7-openjdk/jre/lib/amd64/libverify.so
7ff456e99000-7ff456ea0000 r-xp 00000000 08:03 689396                     /usr/lib/librt-2.18.so
7ff456ea0000-7ff45709f000 ---p 00007000 08:03 689396                     /usr/lib/librt-2.18.so
7ff45709f000-7ff4570a0000 r--p 00006000 08:03 689396                     /usr/lib/librt-2.18.so
7ff4570a0000-7ff4570a1000 rw-p 00007000 08:03 689396                     /usr/lib/librt-2.18.so
7ff4570a1000-7ff4570b6000 r-xp 00000000 08:03 682721                     /usr/lib/libgcc_s.so.1
7ff4570b6000-7ff4572b6000 ---p 00015000 08:03 682721                     /usr/lib/libgcc_s.so.1
7ff4572b6000-7ff4572b7000 rw-p 00015000 08:03 682721                     /usr/lib/libgcc_s.so.1
7ff4572b7000-7ff4573b8000 r-xp 00000000 08:03 682789                     /usr/lib/libm-2.18.so
7ff4573b8000-7ff4575b8000 ---p 00101000 08:03 682789                     /usr/lib/libm-2.18.so
7ff4575b8000-7ff4575b9000 r--p 00101000 08:03 682789                     /usr/lib/libm-2.18.so
7ff4575b9000-7ff4575ba000 rw-p 00102000 08:03 682789                     /usr/lib/libm-2.18.so
7ff4575ba000-7ff4576a0000 r-xp 00000000 08:03 689936                     /usr/lib/libstdc++.so.6.0.19
7ff4576a0000-7ff45789f000 ---p 000e6000 08:03 689936                     /usr/lib/libstdc++.so.6.0.19
7ff45789f000-7ff4578a7000 r--p 000e5000 08:03 689936                     /usr/lib/libstdc++.so.6.0.19
7ff4578a7000-7ff4578a9000 rw-p 000ed000 08:03 689936                     /usr/lib/libstdc++.so.6.0.19
7ff4578a9000-7ff4578be000 rw-p 00000000 00:00 0 
7ff4578be000-7ff45839f000 r-xp 00000000 08:03 1183945                    /usr/lib/jvm/java-7-openjdk/jre/lib/amd64/server/libjvm.so
7ff45839f000-7ff45859e000 ---p 00ae1000 08:03 1183945                    /usr/lib/jvm/java-7-openjdk/jre/lib/amd64/server/libjvm.so
7ff45859e000-7ff458652000 rw-p 00ae0000 08:03 1183945                    /usr/lib/jvm/java-7-openjdk/jre/lib/amd64/server/libjvm.so
7ff458652000-7ff458680000 rw-p 00000000 00:00 0 
7ff458680000-7ff458695000 r-xp 00000000 08:03 682073                     /usr/lib/libz.so.1.2.8
7ff458695000-7ff458894000 ---p 00015000 08:03 682073                     /usr/lib/libz.so.1.2.8
7ff458894000-7ff458895000 r--p 00014000 08:03 682073                     /usr/lib/libz.so.1.2.8
7ff458895000-7ff458896000 rw-p 00015000 08:03 682073                     /usr/lib/libz.so.1.2.8
7ff458896000-7ff458a36000 r-xp 00000000 08:03 682794                     /usr/lib/libc-2.18.so
7ff458a36000-7ff458c36000 ---p 001a0000 08:03 682794                     /usr/lib/libc-2.18.so
7ff458c36000-7ff458c3a000 r--p 001a0000 08:03 682794                     /usr/lib/libc-2.18.so
7ff458c3a000-7ff458c3c000 rw-p 001a4000 08:03 682794                     /usr/lib/libc-2.18.so
7ff458c3c000-7ff458c40000 rw-p 00000000 00:00 0 
7ff458c40000-7ff458c43000 r-xp 00000000 08:03 689397                     /usr/lib/libdl-2.18.so
7ff458c43000-7ff458e42000 ---p 00003000 08:03 689397                     /usr/lib/libdl-2.18.so
7ff458e42000-7ff458e43000 r--p 00002000 08:03 689397                     /usr/lib/libdl-2.18.so
7ff458e43000-7ff458e44000 rw-p 00003000 08:03 689397                     /usr/lib/libdl-2.18.so
7ff458e44000-7ff458e51000 r-xp 00000000 08:03 1183940                    /usr/lib/jvm/java-7-openjdk/jre/lib/amd64/jli/libjli.so
7ff458e51000-7ff459050000 ---p 0000d000 08:03 1183940                    /usr/lib/jvm/java-7-openjdk/jre/lib/amd64/jli/libjli.so
7ff459050000-7ff459051000 rw-p 0000c000 08:03 1183940                    /usr/lib/jvm/java-7-openjdk/jre/lib/amd64/jli/libjli.so
7ff459051000-7ff459069000 r-xp 00000000 08:03 681524                     /usr/lib/libpthread-2.18.so
7ff459069000-7ff459268000 ---p 00018000 08:03 681524                     /usr/lib/libpthread-2.18.so
7ff459268000-7ff459269000 r--p 00017000 08:03 681524                     /usr/lib/libpthread-2.18.so
7ff459269000-7ff45926a000 rw-p 00018000 08:03 681524                     /usr/lib/libpthread-2.18.so
7ff45926a000-7ff45926e000 rw-p 00000000 00:00 0 
7ff45926e000-7ff45928e000 r-xp 00000000 08:03 682408                     /usr/lib/ld-2.18.so
7ff4592a6000-7ff4592b0000 rw-p 00000000 00:00 0 
7ff4592b0000-7ff459366000 rw-p 00000000 00:00 0 
7ff459366000-7ff459369000 ---p 00000000 00:00 0 
7ff459369000-7ff45946b000 rw-p 00000000 00:00 0                          [stack:29588]
7ff45946f000-7ff459482000 rw-p 00000000 00:00 0 
7ff459482000-7ff45948a000 rw-s 00000000 00:1e 318059                     /tmp/hsperfdata_unknown/29583
7ff45948a000-7ff45948b000 rw-p 00000000 00:00 0 
7ff45948b000-7ff45948c000 r--p 00000000 00:00 0 
7ff45948c000-7ff45948d000 rw-p 00000000 00:00 0 
7ff45948d000-7ff45948e000 r--p 0001f000 08:03 682408                     /usr/lib/ld-2.18.so
7ff45948e000-7ff45948f000 rw-p 00020000 08:03 682408                     /usr/lib/ld-2.18.so
7ff45948f000-7ff459490000 rw-p 00000000 00:00 0 
7fff423fc000-7fff4241d000 rw-p 00000000 00:00 0                          [stack]
7fff4242f000-7fff42431000 r-xp 00000000 00:00 0                          [vdso]
ffffffffff600000-ffffffffff601000 r-xp 00000000 00:00 0                  [vsyscall]

VM Arguments:
jvm_args: -Dfile.encoding=UTF-8 -Xbootclasspath:/home/unknown/adt-bundle-linux-x86_64-20131030/sdk/platforms/android-19/android.jar 
java_command: com.speakingcode.geojson.JsonTest
Launcher Type: SUN_STANDARD

Environment Variables:
JAVA_HOME=/usr/lib/jvm/java-7-openjdk
PATH=/home/unknown/.rvm/gems/ruby-2.0.0-p247/bin:/home/unknown/.rvm/gems/ruby-2.0.0-p247@global/bin:/home/unknown/.rvm/rubies/ruby-2.0.0-p247/bin:/home/unknown/.rvm/bin:/usr/local/sbin:/usr/local/bin:/usr/bin:/usr/bin/core_perl:/home/unknown/Downloads/adt-bundle-linux-x86_64-20130522/eclipse:/usr/local/heroku/bin
SHELL=/bin/bash
DISPLAY=:0.0

Signal Handlers:
SIGSEGV: [libjvm.so+0x918a20], sa_mask[0]=0x7ffbfeff, sa_flags=0x10000004
SIGBUS: [libjvm.so+0x918a20], sa_mask[0]=0x7ffbfeff, sa_flags=0x10000004
SIGFPE: [libjvm.so+0x796090], sa_mask[0]=0x7ffbfeff, sa_flags=0x10000004
SIGPIPE: [libjvm.so+0x796090], sa_mask[0]=0x7ffbfeff, sa_flags=0x10000004
SIGXFSZ: [libjvm.so+0x796090], sa_mask[0]=0x7ffbfeff, sa_flags=0x10000004
SIGILL: [libjvm.so+0x796090], sa_mask[0]=0x7ffbfeff, sa_flags=0x10000004
SIGUSR1: SIG_DFL, sa_mask[0]=0x00000000, sa_flags=0x00000000
SIGUSR2: [libjvm.so+0x795f30], sa_mask[0]=0x00000004, sa_flags=0x10000004
SIGHUP: SIG_DFL, sa_mask[0]=0x00000000, sa_flags=0x00000000
SIGINT: SIG_DFL, sa_mask[0]=0x00000000, sa_flags=0x00000000
SIGTERM: SIG_DFL, sa_mask[0]=0x00000000, sa_flags=0x00000000
SIGQUIT: SIG_DFL, sa_mask[0]=0x00000000, sa_flags=0x00000000


---------------  S Y S T E M  ---------------

OS:Linux
uname:Linux 3.11.6-1-ARCH #1 SMP PREEMPT Fri Oct 18 23:22:36 CEST 2013 x86_64
libc:glibc 2.18 NPTL 2.18 
rlimit: STACK 8192k, CORE 0k, NPROC 15921, NOFILE 4096, AS infinity
load average:2.34 1.32 1.16

/proc/meminfo:
MemTotal:        2043524 kB
MemFree:           74792 kB
Buffers:             720 kB
Cached:           168932 kB
SwapCached:        16768 kB
Active:          1335276 kB
Inactive:         509128 kB
Active(anon):    1310296 kB
Inactive(anon):   475504 kB
Active(file):      24980 kB
Inactive(file):    33624 kB
Unevictable:           0 kB
Mlocked:               0 kB
SwapTotal:        530140 kB
SwapFree:            204 kB
Dirty:                 0 kB
Writeback:             0 kB
AnonPages:       1658120 kB
Mapped:            48336 kB
Shmem:            110988 kB
Slab:              41076 kB
SReclaimable:      22836 kB
SUnreclaim:        18240 kB
KernelStack:        2104 kB
PageTables:        22008 kB
NFS_Unstable:          0 kB
Bounce:                0 kB
WritebackTmp:          0 kB
CommitLimit:     1551900 kB
Committed_AS:    3363596 kB
VmallocTotal:   34359738367 kB
VmallocUsed:      541000 kB
VmallocChunk:   34359189659 kB
HardwareCorrupted:     0 kB
AnonHugePages:    417792 kB
HugePages_Total:       0
HugePages_Free:        0
HugePages_Rsvd:        0
HugePages_Surp:        0
Hugepagesize:       2048 kB
DirectMap4k:       11760 kB
DirectMap2M:     2074624 kB


CPU:total 2 (1 cores per cpu, 2 threads per core) family 6 model 28 stepping 10, cmov, cx8, fxsr, mmx, sse, sse2, sse3, ssse3, ht, tsc

/proc/cpuinfo:
processor	: 0
vendor_id	: GenuineIntel
cpu family	: 6
model		: 28
model name	: Intel(R) Atom(TM) CPU N450   @ 1.66GHz
stepping	: 10
microcode	: 0x107
cpu MHz		: 1666.000
cache size	: 512 KB
physical id	: 0
siblings	: 2
core id		: 0
cpu cores	: 1
apicid		: 0
initial apicid	: 0
fpu		: yes
fpu_exception	: yes
cpuid level	: 10
wp		: yes
flags		: fpu vme de pse tsc msr pae mce cx8 apic sep mtrr pge mca cmov pat clflush dts acpi mmx fxsr sse sse2 ss ht tm pbe syscall nx lm constant_tsc arch_perfmon pebs bts nopl aperfmperf pni dtes64 monitor ds_cpl est tm2 ssse3 cx16 xtpr pdcm movbe lahf_lm dtherm
bogomips	: 3326.95
clflush size	: 64
cache_alignment	: 64
address sizes	: 32 bits physical, 48 bits virtual
power management:

processor	: 1
vendor_id	: GenuineIntel
cpu family	: 6
model		: 28
model name	: Intel(R) Atom(TM) CPU N450   @ 1.66GHz
stepping	: 10
microcode	: 0x107
cpu MHz		: 1000.000
cache size	: 512 KB
physical id	: 0
siblings	: 2
core id		: 0
cpu cores	: 1
apicid		: 1
initial apicid	: 1
fpu		: yes
fpu_exception	: yes
cpuid level	: 10
wp		: yes
flags		: fpu vme de pse tsc msr pae mce cx8 apic sep mtrr pge mca cmov pat clflush dts acpi mmx fxsr sse sse2 ss ht tm pbe syscall nx lm constant_tsc arch_perfmon pebs bts nopl aperfmperf pni dtes64 monitor ds_cpl est tm2 ssse3 cx16 xtpr pdcm movbe lahf_lm dtherm
bogomips	: 3326.95
clflush size	: 64
cache_alignment	: 64
address sizes	: 32 bits physical, 48 bits virtual
power management:



Memory: 4k page, physical 2043524k(74792k free), swap 530140k(204k free)

vm_info: OpenJDK 64-Bit Server VM (24.51-b03) for linux-amd64 JRE (1.7.0_51-b31), built on Jan 29 2014 14:05:34 by "nobody" with gcc 4.8.2 20131219 (prerelease)

time: Sun Feb  9 01:57:41 2014
elapsed time: 0 seconds

